<?xml version="1.0" encoding="UTF-8"?>
<!-- Generated by org.testng.reporters.JUnitReportReporter -->
<testsuite skipped="0" hostname="ip-172-31-35-248" name="test.testng" tests="1" failures="0" timestamp="2020-08-03T10:02:18 UTC" time="0.012" errors="0">
  <testcase name="res" time="0.012" classname="test.testng"/>
</testsuite> <!-- test.testng -->
